
=== Thu May 16 15:02:23 2019

Packages were changed.
Update Mode: updateDependencies

The following packages were added:
  com.unity.collab-proxy@1.2.16
  com.unity.timeline@1.0.0
  com.unity.multiplayer-hlapi@1.0.2
  com.unity.xr.legacyinputhelpers@2.0.2
The following packages were updated:
  com.unity.analytics from version 2.0.16 to 3.3.2
  com.unity.package-manager-ui from version 1.9.11 to 2.1.2
  com.unity.purchasing from version 2.0.3 to 2.0.6
  com.unity.textmeshpro from version 1.2.4 to 2.0.0

=== Sat Jul 13 13:55:05 2019

Packages were changed.
Update Mode: updateDependencies

The following packages were updated:
  com.unity.textmeshpro from version 1.4.1 to 2.0.1

=== Sat Aug  3 15:04:35 2019

Packages were changed.
Update Mode: updateDependencies

The following packages were added:
  com.unity.2d.tilemap@1.0.0
  com.unity.ext.nunit@1.0.0
  com.unity.test-framework@1.0.13
  com.unity.2d.sprite@1.0.0
  com.unity.ide.vscode@1.0.7
  com.unity.ide.rider@1.0.8
  com.unity.ugui@1.0.0
  com.unity.modules.androidjni@1.0.0
The following packages were updated:
  com.unity.package-manager-ui from version 2.1.2 to 2.2.0
  com.unity.timeline from version 1.0.0 to 1.1.0

=== Tue Apr 28 17:35:13 2020

Packages were changed.
Update Mode: updateDependencies

The following packages were updated:
  com.unity.analytics from version 3.3.2 to 3.3.5
  com.unity.ide.rider from version 1.0.8 to 1.1.4
  com.unity.ide.vscode from version 1.0.7 to 1.1.4
  com.unity.render-pipelines.core from version 6.9.1 to 7.3.1
  com.unity.render-pipelines.lightweight from version 6.9.1 to 7.3.1
  com.unity.test-framework from version 1.0.18 to 1.1.13
  com.unity.timeline from version 1.1.0 to 1.2.6
The following packages were removed:
  com.unity.package-manager-ui@2.2.0

=== Wed Jul  8 15:49:39 2020

Packages were changed.
Update Mode: updateDependencies

The following packages were updated:
  com.unity.ide.vscode from version 1.1.3 to 1.2.1
  com.unity.test-framework from version 1.1.13 to 1.1.14
  com.unity.xr.legacyinputhelpers from version 2.0.2 to 2.1.4

=== Mon Sep 14 16:40:07 2020

Packages were changed.
Update Mode: updateDependencies

The following packages were updated:
  com.unity.purchasing from version 2.0.6 to 2.1.0
  com.unity.test-framework from version 1.1.14 to 1.1.16

=== Tue Nov 24 15:56:36 2020

Packages were changed.
Update Mode: updateDependencies

The following packages were updated:
  com.unity.ide.vscode from version 1.2.1 to 1.2.3
  com.unity.purchasing from version 2.1.0 to 2.1.1
  com.unity.test-framework from version 1.1.16 to 1.1.18

=== Tue Jan 26 13:08:04 2021

Packages were changed.
Update Mode: updateDependencies

The following packages were added:
  com.unity.ide.visualstudio@2.0.5
The following packages were updated:
  com.unity.analytics from version 3.3.5 to 3.5.3
  com.unity.collab-proxy from version 1.2.16 to 1.3.9
  com.unity.ext.nunit from version 1.0.0 to 1.0.6
  com.unity.ide.rider from version 1.1.4 to 2.0.7
  com.unity.purchasing from version 2.1.1 to 2.2.1
  com.unity.render-pipelines.core from version 7.3.1 to 10.2.2
  com.unity.render-pipelines.lightweight from version 7.3.1 to 10.2.2
  com.unity.test-framework from version 1.1.18 to 1.1.20
  com.unity.textmeshpro from version 2.1.1 to 3.0.1
  com.unity.xr.legacyinputhelpers from version 2.1.4 to 2.1.7

=== Thu Apr 29 15:58:45 2021

Packages were changed.
Update Mode: updateDependencies

The following packages were updated:
  com.unity.ide.rider from version 2.0.7 to 3.0.5
  com.unity.ide.visualstudio from version 2.0.5 to 2.0.7
  com.unity.purchasing from version 2.2.1 to 3.0.2
  com.unity.render-pipelines.core from version 10.2.2 to 11.0.0
  com.unity.test-framework from version 1.1.20 to 1.1.24
  com.unity.textmeshpro from version 3.0.1 to 3.0.4
  com.unity.timeline from version 1.2.6 to 1.5.4

=== Thu Aug 26 16:55:27 2021

Packages were changed.
Update Mode: updateDependencies

The following packages were updated:
  com.unity.collab-proxy from version 1.3.9 to 1.5.7
  com.unity.ide.rider from version 3.0.5 to 3.0.6
  com.unity.ide.visualstudio from version 2.0.7 to 2.0.8
  com.unity.purchasing from version 3.0.2 to 3.1.0
  com.unity.textmeshpro from version 3.0.4 to 3.0.6
  com.unity.timeline from version 1.5.4 to 1.5.5

=== Fri Dec  9 17:38:31 2022

Packages were changed.
Update Mode: updateDependencies

The following packages were updated:
  com.unity.analytics from version 3.5.3 to 3.6.12
  com.unity.cinemachine from version 2.7.9 to 2.8.9
  com.unity.collab-proxy from version 1.5.7 to 1.17.7
  com.unity.ide.rider from version 3.0.6 to 3.0.16
  com.unity.ide.visualstudio from version 2.0.8 to 2.0.16
  com.unity.ide.vscode from version 1.2.3 to 1.2.5
  com.unity.inputsystem from version 1.0.2 to 1.4.4
  com.unity.purchasing from version 3.1.0 to 4.5.1
  com.unity.render-pipelines.core from version 11.0.0 to 12.1.8
  com.unity.test-framework from version 1.1.24 to 1.1.31
  com.unity.timeline from version 1.5.5 to 1.6.4
  com.unity.xr.legacyinputhelpers from version 2.1.7 to 2.1.10
The following packages were removed:
  com.unity.render-pipelines.lightweight@10.2.2
